Arguments: 
  C:\Applications\nodejs\node.exe C:\Users\sada\AppData\Roaming\npm\node_modules\yarn\bin\yarn.js install

PATH: 
  C:\ProgramData\Oracle\Java\javapath;C:\windows\system32;C:\windows;C:\windows\System32\Wbem;C:\windows\System32\WindowsPowerShell\v1.0\;C:\Applications\nodejs\;C:\Users\sada\AppData\Local\Microsoft\WindowsApps;C:\Program Files\Microsoft VS Code\bin;C:\Users\sada\AppData\Roaming\npm;C:\Applications\PortableGit\bin

Yarn version: 
  1.3.2

Node version: 
  8.8.0

Platform: 
  win32 x64

npm manifest: 
  {
    "name": "heppoco2",
    "version": "1.0.0",
    "description": "Nuxt.js project",
    "author": "",
    "private": true,
    "scripts": {
      "dev": "nuxt",
      "build": "nuxt build",
      "start": "nuxt start",
      "generate": "nuxt generate",
      "lint": "eslint --ext .js,.vue --ignore-path .gitignore .",
      "precommit": "npm run lint"
    },
    "dependencies": {
      "bulma": "^0.6.2",
      "firebase": "^4.11.0",
      "nuxt": "^1.4.0",
      "vuexfire": "^2.3.0"
    },
    "devDependencies": {
      "babel-eslint": "^8.2.1",
      "eslint": "^4.15.0",
      "eslint-friendly-formatter": "^3.0.0",
      "eslint-loader": "^1.7.1",
      "eslint-plugin-vue": "^4.0.0"
    }
  }

yarn manifest: 
  No manifest

Lockfile: 
  No lockfile

Trace: 
  Error: write EPROTO 101057795:error:14077419:SSL routines:SSL23_GET_SERVER_HELLO:tlsv1 alert access denied:openssl\ssl\s23_clnt.c:772:
  
      at _errnoException (util.js:1024:11)
      at WriteWrap.afterWrite [as oncomplete] (net.js:868:14)
